<?xml version="1.0" encoding="UTF-8"?>
<!-- Generated by org.testng.reporters.JUnitReportReporter -->
<testsuite hostname="DESKTOP-S9MR579" failures="0" tests="1" name="commonMethods.Testcases" time="93.685" errors="0" timestamp="2023-11-06T11:28:38 IST" skipped="0">
  <testcase classname="commonMethods.Testcases" name="ChatBot" time="93.685"/>
  <system-out>
    <![CDATA[STEP1
STEP2
STEP3
STEP4
STEP5
STEP6
STEP7
STEP8
STEP9
STEP10
STEP11
STEP12
STEP13
STEP14
STEP15
STEP16
STEP17
STEP18
STEP19
STEP20
STEP21
STEP22
STEP23
STEP24
STEP25
STEP26
STEP27
STEP28
STEP29
STEP30
STEP31
STEP32
STEP33
STEP34
STEP35
STEP36
STEP37
STEP38]]>
  </system-out>
</testsuite> <!-- commonMethods.Testcases -->
